[1220/233554.700:ERROR:directory_reader_win.cc(43)] FindFirstFile: The system cannot find the path specified. (0x3)
[1221/105131.834:ERROR:directory_reader_win.cc(43)] FindFirstFile: The system cannot find the path specified. (0x3)
[1222/121855.009:ERROR:directory_reader_win.cc(43)] FindFirstFile: The system cannot find the path specified. (0x3)
[1222/185054.000:ERROR:directory_reader_win.cc(43)] FindFirstFile: The system cannot find the path specified. (0x3)
[1222/190930.590:ERROR:directory_reader_win.cc(43)] FindFirstFile: The system cannot find the path specified. (0x3)
[1223/165627.705:ERROR:process_reader_win.cc(123)] NtOpenThread: {Access Denied} A process has requested access to an object, but has not been granted those access rights. (0xc0000022)
[1223/165627.716:ERROR:exception_snapshot_win.cc(99)] thread ID 32136 not found in process
[1223/165628.887:ERROR:process_reader_win.cc(123)] NtOpenThread: {Access Denied} A process has requested access to an object, but has not been granted those access rights. (0xc0000022)
[1223/165628.887:ERROR:exception_snapshot_win.cc(99)] thread ID 47028 not found in process
[1223/182439.882:ERROR:directory_reader_win.cc(43)] FindFirstFile: The system cannot find the path specified. (0x3)
[1223/182554.921:ERROR:directory_reader_win.cc(43)] FindFirstFile: The system cannot find the path specified. (0x3)
[1223/183014.542:ERROR:process_reader_win.cc(151)] SuspendThread: Access is denied. (0x5)
[1223/183014.544:ERROR:process_reader_win.cc(151)] SuspendThread: Access is denied. (0x5)
[1223/183014.544:ERROR:process_reader_win.cc(151)] SuspendThread: Access is denied. (0x5)
[1223/183014.544:ERROR:process_reader_win.cc(151)] SuspendThread: Access is denied. (0x5)
[1223/183014.544:ERROR:process_reader_win.cc(151)] SuspendThread: Access is denied. (0x5)
[1223/183014.545:ERROR:process_reader_win.cc(151)] SuspendThread: Access is denied. (0x5)
[1223/183014.545:ERROR:process_reader_win.cc(151)] SuspendThread: Access is denied. (0x5)
[1223/183014.545:ERROR:process_reader_win.cc(151)] SuspendThread: Access is denied. (0x5)
[1223/183014.545:ERROR:process_reader_win.cc(151)] SuspendThread: Access is denied. (0x5)
[1223/183014.545:ERROR:process_reader_win.cc(151)] SuspendThread: Access is denied. (0x5)
[1223/183014.545:ERROR:process_reader_win.cc(151)] SuspendThread: Access is denied. (0x5)
[1223/183014.545:ERROR:process_reader_win.cc(123)] NtOpenThread: {Access Denied} A process has requested access to an object, but has not been granted those access rights. (0xc0000022)
[1223/183014.741:ERROR:exception_snapshot_win.cc(99)] thread ID 34888 not found in process
[1223/183852.330:ERROR:directory_reader_win.cc(43)] FindFirstFile: The system cannot find the path specified. (0x3)
[1223/221559.635:ERROR:directory_reader_win.cc(43)] FindFirstFile: The system cannot find the path specified. (0x3)
[1223/221638.932:ERROR:directory_reader_win.cc(43)] FindFirstFile: The system cannot find the path specified. (0x3)
[1223/221932.475:ERROR:directory_reader_win.cc(43)] FindFirstFile: The system cannot find the path specified. (0x3)
[1224/021038.384:ERROR:file_io.cc(90)] ReadExactly: expected 36, observed 0
